<?xml version="1.0" encoding="UTF-8"?>
<!-- Generated by org.testng.reporters.JUnitXMLReporter -->
<testsuite ignored="4" hostname="Pramod" failures="0" tests="5" name="Test" time="51.448" errors="0" timestamp="2024-05-29T03:09:38 IST">
  <testcase classname="testcases.VerifyRegisterationTestCases" name="verifyRegisterationWithInValidData" time="2.008"/>
  <testcase classname="testcases.VerifyRegisterationTestCases" name="verifyRegisterationWithValidData" time="4.688"/>
  <testcase classname="testcases.VeriyLoginTestCases" name="verifyLoginithInValidData" time="2.893"/>
  <testcase classname="testcases.VeriyLoginTestCases" name="verifyLoginithValidData" time="3.757"/>
  <testcase classname="testcases.AddingToCartTestCase" name="VerifyProductAddingToCart" time="5.717"/>
  <testcase classname="resources.baseClass" name="@AfterSuite endReport" time="0.0">
    <ignored/>
  </testcase> <!-- @AfterSuite endReport -->
  <testcase classname="resources.baseClass" name="@AfterSuite endReport" time="0.0">
    <ignored/>
  </testcase> <!-- @AfterSuite endReport -->
  <testcase classname="resources.baseClass" name="@BeforeSuite ExtentReport" time="0.0">
    <ignored/>
  </testcase> <!-- @BeforeSuite ExtentReport -->
  <testcase classname="resources.baseClass" name="@BeforeSuite ExtentReport" time="0.0">
    <ignored/>
  </testcase> <!-- @BeforeSuite ExtentReport -->
</testsuite> <!-- Test -->
